<?xml version="1.0" encoding="UTF-8"?>
<!-- Generated by org.testng.reporters.JUnitReportReporter -->
<testsuite hostname="Jayant" name="GoogleTest" tests="1" failures="0" timestamp="28 Jul 2014 00:28:37 GMT" time="12.489" errors="0">
  <testcase name="verifySearch" time="12.489" classname="GoogleTest"/>
</testsuite>
